[2022-09-10 18:13:52] This is codeql database create java-database --language=java
[2022-09-10 18:13:52] Log file was started late.
[2022-09-10 18:13:52] [PROGRESS] database create> Initializing database at /Users/brent/IdeaProjects/HelloWorld/java-database.
[2022-09-10 18:13:52] Running plumbing command: codeql database init --language=java --source-root=/Users/brent/IdeaProjects/HelloWorld --allow-missing-source-root=false --allow-already-existing -- /Users/brent/IdeaProjects/HelloWorld/java-database
[2022-09-10 18:13:52] [PROGRESS] database init> Counting lines of code in /Users/brent/IdeaProjects/HelloWorld
[2022-09-10 18:13:52] [PROGRESS] database init> Resolving extractor java.
[2022-09-10 18:13:52] Calling plumbing command: codeql resolve languages --format=json
[2022-09-10 18:13:52] [DETAILS] resolve languages> Scanning for [codeql-extractor.yml] from /Users/brent/Documents/codeql/.codeqlmanifest.json
[2022-09-10 18:13:52] [DETAILS] resolve languages> Parsing /Users/brent/Documents/codeql/go/codeql-extractor.yml.
[2022-09-10 18:13:52] [DETAILS] resolve languages> Parsing /Users/brent/Documents/codeql/python/codeql-extractor.yml.
[2022-09-10 18:13:52] [DETAILS] resolve languages> Parsing /Users/brent/Documents/codeql/java/codeql-extractor.yml.
[2022-09-10 18:13:52] [DETAILS] resolve languages> Parsing /Users/brent/Documents/codeql/html/codeql-extractor.yml.
[2022-09-10 18:13:52] [DETAILS] resolve languages> Parsing /Users/brent/Documents/codeql/xml/codeql-extractor.yml.
[2022-09-10 18:13:52] [DETAILS] resolve languages> Parsing /Users/brent/Documents/codeql/properties/codeql-extractor.yml.
[2022-09-10 18:13:52] [DETAILS] resolve languages> Parsing /Users/brent/Documents/codeql/cpp/codeql-extractor.yml.
[2022-09-10 18:13:52] [DETAILS] resolve languages> Parsing /Users/brent/Documents/codeql/csv/codeql-extractor.yml.
[2022-09-10 18:13:52] [DETAILS] resolve languages> Parsing /Users/brent/Documents/codeql/csharp/codeql-extractor.yml.
[2022-09-10 18:13:52] [DETAILS] resolve languages> Parsing /Users/brent/Documents/codeql/javascript/codeql-extractor.yml.
[2022-09-10 18:13:52] [DETAILS] resolve languages> Parsing /Users/brent/Documents/codeql/ruby/codeql-extractor.yml.
[2022-09-10 18:13:52] Plumbing command codeql resolve languages completed:
                      {
                        "extractors" : {
                          "go" : [
                            {
                              "extractor_root" : "/Users/brent/Documents/codeql/go"
                            }
                          ],
                          "python" : [
                            {
                              "extractor_root" : "/Users/brent/Documents/codeql/python"
                            }
                          ],
                          "java" : [
                            {
                              "extractor_root" : "/Users/brent/Documents/codeql/java",
                              "extractor_options" : {
                                "exclude" : {
                                  "title" : "A glob excluding files from analysis.",
                                  "description" : "A glob indicating what files to exclude from the analysis.\n",
                                  "type" : "string"
                                }
                              }
                            }
                          ],
                          "html" : [
                            {
                              "extractor_root" : "/Users/brent/Documents/codeql/html"
                            }
                          ],
                          "xml" : [
                            {
                              "extractor_root" : "/Users/brent/Documents/codeql/xml"
                            }
                          ],
                          "properties" : [
                            {
                              "extractor_root" : "/Users/brent/Documents/codeql/properties"
                            }
                          ],
                          "cpp" : [
                            {
                              "extractor_root" : "/Users/brent/Documents/codeql/cpp"
                            }
                          ],
                          "csv" : [
                            {
                              "extractor_root" : "/Users/brent/Documents/codeql/csv"
                            }
                          ],
                          "csharp" : [
                            {
                              "extractor_root" : "/Users/brent/Documents/codeql/csharp",
                              "extractor_options" : {
                                "trap" : {
                                  "title" : "Options pertaining to TRAP.",
                                  "description" : "Options pertaining to TRAP.",
                                  "type" : "object",
                                  "properties" : {
                                    "compression" : {
                                      "title" : "Controls compression for the TRAP files written by the extractor.",
                                      "description" : "This option is only intended for use in debugging the extractor. Accepted values are 'brotli' (the default, to write brotli-compressed TRAP), 'gzip', and 'none' (to write uncompressed TRAP).\n",
                                      "type" : "string",
                                      "pattern" : "^(none|gzip|brotli)$"
                                    }
                                  }
                                },
                                "buildless" : {
                                  "title" : "Whether to use buildless (standalone) extraction.",
                                  "description" : "A value indicating, which type of extraction the autobuilder should perform. If 'true', then the standalone extractor will be used, otherwise tracing extraction will be performed. The default is 'false'. Note that buildless extraction will generally yield less accurate analysis results, and should only be used in cases where it is not possible to build the code (for example if it uses inaccessible dependencies).\n",
                                  "type" : "string",
                                  "pattern" : "^(false|true)$"
                                }
                              }
                            }
                          ],
                          "javascript" : [
                            {
                              "extractor_root" : "/Users/brent/Documents/codeql/javascript"
                            }
                          ],
                          "ruby" : [
                            {
                              "extractor_root" : "/Users/brent/Documents/codeql/ruby"
                            }
                          ]
                        }
                      }
[2022-09-10 18:13:52] [DETAILS] database init> Found candidate extractor root for java: /Users/brent/Documents/codeql/java.
[2022-09-10 18:13:52] [PROGRESS] database init> Successfully loaded extractor Java (java) from /Users/brent/Documents/codeql/java.
[2022-09-10 18:13:52] [PROGRESS] database init> Created skeleton CodeQL database at /Users/brent/IdeaProjects/HelloWorld/java-database. This in-progress database is ready to be populated by an extractor.
[2022-09-10 18:13:52] Plumbing command codeql database init completed.
[2022-09-10 18:13:52] Using autobuild script /Users/brent/Documents/codeql/java/tools/autobuild.sh.
[2022-09-10 18:13:52] [DETAILS] database create> Detected autobuild command for Java: /Users/brent/Documents/codeql/java/tools/autobuild.sh.
[2022-09-10 18:13:52] [PROGRESS] database create> Running build command: [/Users/brent/Documents/codeql/java/tools/autobuild.sh]
[2022-09-10 18:13:52] Running plumbing command: codeql database trace-command --working-dir=/Users/brent/IdeaProjects/HelloWorld --index-traceless-dbs --no-db-cluster -- /Users/brent/IdeaProjects/HelloWorld/java-database /Users/brent/Documents/codeql/java/tools/autobuild.sh
[2022-09-10 18:13:52] [PROGRESS] database trace-command> Running command in /Users/brent/IdeaProjects/HelloWorld: [/Users/brent/Documents/codeql/java/tools/autobuild.sh]
[2022-09-10 18:13:54] [build-stderr] ERROR: Could not detect a suitable build command for the source checkout.
[2022-09-10 18:13:54] [ERROR] Spawned process exited abnormally (code 1; tried to run: [/Users/brent/Documents/codeql/tools/osx64/preload_tracer, /Users/brent/Documents/codeql/java/tools/autobuild.sh])
[2022-09-10 18:13:54] Exception caught at top level: Exit status 1 from command: [/Users/brent/Documents/codeql/java/tools/autobuild.sh]
                      com.semmle.cli2.database.DatabaseProcessCommandCommon.executeSubcommand(DatabaseProcessCommandCommon.java:215)
                      com.semmle.cli2.database.TraceCommandCommand.executeSubcommand(TraceCommandCommand.java:85)
                      com.semmle.cli2.picocli.PlumbingRunner.run(PlumbingRunner.java:110)
                      com.semmle.cli2.picocli.SubcommandCommon.runPlumbingInProcess(SubcommandCommon.java:162)
                      com.semmle.cli2.database.CreateCommand.executeSubcommand(CreateCommand.java:151)
                      com.semmle.cli2.picocli.SubcommandCommon.call(SubcommandCommon.java:500)
                      com.semmle.cli2.picocli.SubcommandMaker.runMain(SubcommandMaker.java:205)
                      com.semmle.cli2.picocli.SubcommandMaker.runMain(SubcommandMaker.java:214)
                      com.semmle.cli2.CodeQL.main(CodeQL.java:98)
